<?xml version="1.0" encoding="UTF-8"?>
<!-- Generated by org.testng.reporters.JUnitXMLReporter -->
<testsuite hostname="DESKTOP-5NIFL4P" ignored="0" name="Test" tests="3" failures="0" timestamp="2020-03-25T17:45:28 IST" time="39.904" errors="0">
  <testcase name="executSessionOne" time="37.583" classname="testng.multibtest"/>
  <testcase name="executSessionThree" time="37.583" classname="testng.multibtest"/>
  <testcase name="executeSessionTwo" time="39.767" classname="testng.multibtest"/>
</testsuite> <!-- Test -->
